<?xml version="1.0" encoding="UTF-8"?>
<!-- Generated by org.testng.reporters.JUnitReportReporter -->
<testsuite hostname="Madhavi" failures="0" tests="5" name="testcases.VideoGameAPI" time="2.692" errors="0" timestamp="2021-09-24T00:14:57 EDT" skipped="0">
  <testcase classname="testcases.VideoGameAPI" name="test_getAllVideoGame" time="1.690"/>
  <system-out/>
  <testcase classname="testcases.VideoGameAPI" name="test_addnewVideoGame" time="0.403"/>
  <system-out/>
  <testcase classname="testcases.VideoGameAPI" name="test_getVideoGame" time="0.474"/>
  <system-out/>
  <testcase classname="testcases.VideoGameAPI" name="test_updatenewVideoGame" time="0.104"/>
  <system-out/>
  <testcase classname="testcases.VideoGameAPI" name="test_deletenewVideoGame" time="0.021"/>
  <system-out/>
</testsuite> <!-- testcases.VideoGameAPI -->
